Build started 10-Apr-15 11:08:22.
     1>Project "C:\Users\Feiko\Documents\GitHub\THO78-Roborescue\Vehicles\Quadcopter\Quadcopter.vcxproj" on node 2 (Build target(s)).
     1>Build:
         make
         g++ -c -std=gnu++11 Quadcopter.cpp -o Quadcopter.o
         In file included from Quadcopter.h:14:0,
                          from Quadcopter.cpp:1:
         PrioritisedMAVLinkMessage.h:47:32: warning: overflow in implicit constant conversion [-Woverflow]
          const char _EXTREME_PRIORITY = 256; // The maximum priority
                                         ^
         g++ -c -std=gnu++11 TempListener.cpp -o TempListener.o
         make -C ../Dependencies/Serial/
         make[1]: Entering directory `/c/Users/Feiko/Documents/GitHub/THO78-Roborescue/Vehicles/Dependencies/Serial'
         g++ -c -std=gnu++11 PracticalSocket.cpp -o PracticalSocket.o
         g++ -c -std=gnu++11 SerialUDPSocket.cpp -o SerialUDPSocket.o
         g++ -c -std=gnu++11 SerialPort.cpp -o SerialPort.o
         g++ -c -std=gnu++11 SerialPortWindows.cpp -o SerialPortWindows.o
         ar rcs LibSerial.a PracticalSocket.o SerialUDPSocket.o SerialPort.o SerialPortWindows.o
         make[1]: Leaving directory `/c/Users/Feiko/Documents/GitHub/THO78-Roborescue/Vehicles/Dependencies/Serial'
         g++ -std=gnu++11 -I../Dependencies/MAVLink/ardupilotmega ExtendedMAVLinkMessage.o MAVLinkExchanger.o Main.o PrioritisedMAVLinkMessage.o Quadcopter.o TempListener.o ../Dependencies/Serial//LibSerial.a -lws2_32 -o Main -pthread
     1>Done Building Project "C:\Users\Feiko\Documents\GitHub\THO78-Roborescue\Vehicles\Quadcopter\Quadcopter.vcxproj" (Build target(s)).

Build succeeded.

Time Elapsed 00:00:05.93
