	.cpu cortex-m0
	.fpu softvfp
	.eabi_attribute 20, 1
	.eabi_attribute 21, 1
	.eabi_attribute 23, 3
	.eabi_attribute 24, 1
	.eabi_attribute 25, 1
	.eabi_attribute 26, 1
	.eabi_attribute 30, 4
	.eabi_attribute 34, 0
	.eabi_attribute 18, 4
	.code	16
	.file	"main.c"
	.section	.text.servo_low,"ax",%progbits
	.align	1
	.global	servo_low
	.code	16
	.thumb_func
	.type	servo_low, %function
servo_low:
	ldr	r2, .L2
	ldr	r3, .L2+4
	mov	r0, #16
	ldr	r1, [r2, r3]
	@ sp needed
	bic	r1, r0
	str	r1, [r2, r3]
	bx	lr
.L3:
	.align	2
.L2:
	.word	1342242816
	.word	16380
	.size	servo_low, .-servo_low
	.section	.text.servo_high,"ax",%progbits
	.align	1
	.global	servo_high
	.code	16
	.thumb_func
	.type	servo_high, %function
servo_high:
	ldr	r2, .L5
	ldr	r3, .L5+4
	mov	r0, #16
	ldr	r1, [r2, r3]
	@ sp needed
	orr	r1, r0
	str	r1, [r2, r3]
	bx	lr
.L6:
	.align	2
.L5:
	.word	1342242816
	.word	16380
	.size	servo_high, .-servo_high
	.section	.text.servo_init,"ax",%progbits
	.align	1
	.global	servo_init
	.code	16
	.thumb_func
	.type	servo_init, %function
servo_init:
	push	{r3, lr}
	ldr	r2, .L8
	mov	r3, #128
	lsl	r3, r3, #8
	ldr	r1, [r2, r3]
	mov	r0, #16
	orr	r1, r0
	str	r1, [r2, r3]
	bl	servo_low
	@ sp needed
	pop	{r3, pc}
.L9:
	.align	2
.L8:
	.word	1342242816
	.size	servo_init, .-servo_init
	.section	.text.servo_pulse,"ax",%progbits
	.align	1
	.global	servo_pulse
	.code	16
	.thumb_func
	.type	servo_pulse, %function
servo_pulse:
	push	{r4, lr}
	mov	r4, r0
	bl	servo_high
	bl	now
	add	r0, r0, r4
	bl	await
	@ sp needed
	bl	servo_low
	pop	{r4, pc}
	.size	servo_pulse, .-servo_pulse
	.section	.text.startup.main,"ax",%progbits
	.align	1
	.global	main
	.code	16
	.thumb_func
	.type	main, %function
main:
	push	{r4, lr}
	bl	servo_init
	bl	timer_init
.L14:
	mov	r4, #250
	lsl	r4, r4, #1
.L12:
	mov	r0, r4
	bl	servo_pulse
	bl	now
	ldr	r3, .L16
	add	r4, r4, #10
	add	r0, r0, r3
	bl	await
	ldr	r3, .L16+4
	cmp	r4, r3
	bls	.L12
	b	.L14
.L17:
	.align	2
.L16:
	.word	25000
	.word	2499
	.size	main, .-main
	.ident	"GCC: (GNU Tools for ARM Embedded Processors) 4.8.3 20140228 (release) [ARM/embedded-4_8-branch revision 208322]"
