	.cpu cortex-m0
	.fpu softvfp
	.eabi_attribute 20, 1
	.eabi_attribute 21, 1
	.eabi_attribute 23, 3
	.eabi_attribute 24, 1
	.eabi_attribute 25, 1
	.eabi_attribute 26, 1
	.eabi_attribute 30, 4
	.eabi_attribute 34, 0
	.eabi_attribute 18, 4
	.code	16
	.file	"main.c"
	.section	.text.startup.main,"ax",%progbits
	.align	1
	.global	main
	.code	16
	.thumb_func
	.type	main, %function
main:
	ldr	r3, .L11
	mov	r2, #128
	lsl	r2, r2, #8
	push	{r0, r1, r4, lr}
	ldr	r1, [r3, r2]
	mov	r0, #16
	orr	r1, r0
	str	r1, [r3, r2]
.L6:
	ldr	r2, .L11+4
	mov	r0, #16
	ldr	r1, [r3, r2]
	orr	r1, r0
	str	r1, [r3, r2]
	mov	r1, #0
.L7:
	str	r1, [sp, #4]
	ldr	r0, [sp, #4]
	ldr	r1, .L11+8
	cmp	r0, r1
	bgt	.L10
	ldr	r1, [sp, #4]
	add	r1, r1, #1
	b	.L7
.L10:
	ldr	r0, [r3, r2]
	mov	r4, #16
	bic	r0, r4
	str	r0, [r3, r2]
	mov	r2, #0
.L8:
	str	r2, [sp, #4]
	ldr	r2, [sp, #4]
	cmp	r2, r1
	bgt	.L6
	ldr	r2, [sp, #4]
	add	r2, r2, #1
	b	.L8
.L12:
	.align	2
.L11:
	.word	1342242816
	.word	16380
	.word	299999
	.size	main, .-main
	.ident	"GCC: (GNU Tools for ARM Embedded Processors) 4.8.3 20140228 (release) [ARM/embedded-4_8-branch revision 208322]"
