	.cpu cortex-m0
	.fpu softvfp
	.eabi_attribute 20, 1
	.eabi_attribute 21, 1
	.eabi_attribute 23, 3
	.eabi_attribute 24, 1
	.eabi_attribute 25, 1
	.eabi_attribute 26, 1
	.eabi_attribute 30, 4
	.eabi_attribute 34, 0
	.eabi_attribute 18, 4
	.code	16
	.file	"main.c"
	.section	.text.startup.main,"ax",%progbits
	.align	1
	.global	main
	.code	16
	.thumb_func
	.type	main, %function
main:
	push	{r3, r4, r5, r6, r7, lr}
	ldr	r6, .L9
	mov	r3, #128
	lsl	r3, r3, #8
	ldr	r2, [r6, r3]
	mov	r1, #32
	orr	r2, r1
	str	r2, [r6, r3]
	bl	timer_init
	bl	now
	ldr	r3, .L9+4
	mov	r4, r0
	add	r7, r0, r3
.L7:
	mov	r3, #142
	lsl	r3, r3, #3
	add	r5, r4, r3
.L3:
	bl	now
	cmp	r0, r5
	bcc	.L3
	ldr	r5, .L9+8
	mov	r2, #32
	ldr	r3, [r6, r5]
	orr	r3, r2
	str	r3, [r6, r5]
	mov	r3, #142
	lsl	r3, r3, #4
	add	r4, r4, r3
.L5:
	bl	now
	cmp	r0, r4
	bcc	.L5
	ldr	r3, [r6, r5]
	mov	r2, #32
	bic	r3, r2
	str	r3, [r6, r5]
	cmp	r4, r7
	bne	.L7
	mov	r0, #0
	@ sp needed
	pop	{r3, r4, r5, r6, r7, pc}
.L10:
	.align	2
.L9:
	.word	1342242816
	.word	999680
	.word	16380
	.size	main, .-main
	.ident	"GCC: (GNU Tools for ARM Embedded Processors) 4.8.3 20140228 (release) [ARM/embedded-4_8-branch revision 208322]"
