	.cpu cortex-m0
	.fpu softvfp
	.eabi_attribute 20, 1
	.eabi_attribute 21, 1
	.eabi_attribute 23, 3
	.eabi_attribute 24, 1
	.eabi_attribute 25, 1
	.eabi_attribute 26, 1
	.eabi_attribute 30, 4
	.eabi_attribute 34, 0
	.eabi_attribute 18, 4
	.code	16
	.file	"adc_direct.c"
	.section	.text.conversion_init,"ax",%progbits
	.align	1
	.global	conversion_init
	.code	16
	.thumb_func
	.type	conversion_init, %function
conversion_init:
	ldr	r2, .L2
	mov	r1, #128
	add	r3, r2, #4
	ldr	r0, [r3, #124]
	lsl	r1, r1, #6
	orr	r1, r0
	push	{r4, lr}
	str	r1, [r3, #124]
	ldr	r0, [r3, #124]
	mov	r1, #128
	lsl	r1, r1, #9
	orr	r1, r0
	str	r1, [r3, #124]
	ldr	r3, .L2+4
	mov	r0, #8
	ldr	r1, [r3, #120]
	mov	r4, #128
	orr	r1, r0
	str	r1, [r3, #120]
	ldr	r1, [r3, #120]
	mov	r0, #7
	bic	r1, r0
	str	r1, [r3, #120]
	ldr	r0, [r3, #120]
	mov	r1, #2
	orr	r0, r1
	str	r0, [r3, #120]
	ldr	r0, [r3, #120]
	@ sp needed
	bic	r0, r4
	str	r0, [r3, #120]
	mov	r3, #142
	lsl	r3, r3, r1
	ldr	r0, [r2, r3]
	mov	r4, #16
	bic	r0, r4
	str	r0, [r2, r3]
	ldr	r3, .L2+8
	mov	r0, #255
	ldr	r2, [r3]
	bic	r2, r0
	str	r2, [r3]
	ldr	r2, [r3]
	orr	r1, r2
	str	r1, [r3]
	ldr	r1, [r3]
	ldr	r2, .L2+12
	and	r2, r1
	str	r2, [r3]
	ldr	r1, [r3]
	mov	r2, #128
	lsl	r2, r2, #2
	orr	r2, r1
	str	r2, [r3]
	ldr	r1, [r3]
	ldr	r2, .L2+16
	and	r2, r1
	str	r2, [r3]
	pop	{r4, pc}
.L3:
	.align	2
.L2:
	.word	1074036736
	.word	1074020352
	.word	1073856512
	.word	-65281
	.word	-65537
	.size	conversion_init, .-conversion_init
	.section	.text.conversion_value,"ax",%progbits
	.align	1
	.global	conversion_value
	.code	16
	.thumb_func
	.type	conversion_value, %function
conversion_value:
	ldr	r3, .L8
	ldr	r2, .L8+4
	ldr	r1, [r3]
	and	r2, r1
	str	r2, [r3]
	ldr	r1, [r3]
	mov	r2, #128
	lsl	r2, r2, #17
	orr	r2, r1
	str	r2, [r3]
.L6:
	ldr	r2, [r3, #4]
	cmp	r2, #0
	blt	.L6
	ldr	r3, .L8
	@ sp needed
	ldr	r0, [r3, #4]
	lsl	r0, r0, #16
	lsr	r0, r0, #22
	bx	lr
.L9:
	.align	2
.L8:
	.word	1073856512
	.word	-117440513
	.size	conversion_value, .-conversion_value
	.ident	"GCC: (GNU Tools for ARM Embedded Processors) 4.8.3 20140228 (release) [ARM/embedded-4_8-branch revision 208322]"
