	.cpu cortex-m0
	.fpu softvfp
	.eabi_attribute 20, 1
	.eabi_attribute 21, 1
	.eabi_attribute 23, 3
	.eabi_attribute 24, 1
	.eabi_attribute 25, 1
	.eabi_attribute 26, 1
	.eabi_attribute 30, 4
	.eabi_attribute 34, 0
	.eabi_attribute 18, 4
	.code	16
	.file	"timer.c"
	.section	.text.timer_init,"ax",%progbits
	.align	1
	.global	timer_init
	.code	16
	.thumb_func
	.type	timer_init, %function
timer_init:
	ldr	r3, .L2
	mov	r2, #128
	ldr	r1, [r3, #124]
	lsl	r2, r2, #2
	orr	r2, r1
	str	r2, [r3, #124]
	ldr	r3, .L2+4
	mov	r2, #0
	mov	r1, #11
	str	r2, [r3, #112]
	str	r1, [r3, #12]
	str	r2, [r3, #8]
	mov	r2, #1
	str	r2, [r3, #4]
	@ sp needed
	bx	lr
.L3:
	.align	2
.L2:
	.word	1074036740
	.word	1073823744
	.size	timer_init, .-timer_init
	.section	.text.now,"ax",%progbits
	.align	1
	.global	now
	.code	16
	.thumb_func
	.type	now, %function
now:
	ldr	r3, .L5
	@ sp needed
	ldr	r0, [r3, #8]
	bx	lr
.L6:
	.align	2
.L5:
	.word	1073823744
	.size	now, .-now
	.section	.text.await,"ax",%progbits
	.align	1
	.global	await
	.code	16
	.thumb_func
	.type	await, %function
await:
.L9:
	ldr	r3, .L11
	ldr	r3, [r3, #8]
	cmp	r0, r3
	bhi	.L9
	@ sp needed
	bx	lr
.L12:
	.align	2
.L11:
	.word	1073823744
	.size	await, .-await
	.section	.text.delay,"ax",%progbits
	.align	1
	.global	delay
	.code	16
	.thumb_func
	.type	delay, %function
delay:
	push	{r3, lr}
	ldr	r3, .L14
	@ sp needed
	ldr	r3, [r3, #8]
	add	r0, r0, r3
	bl	await
	pop	{r3, pc}
.L15:
	.align	2
.L14:
	.word	1073823744
	.size	delay, .-delay
	.section	.text.delayExt,"ax",%progbits
	.align	1
	.global	delayExt
	.code	16
	.thumb_func
	.type	delayExt, %function
delayExt:
	mov	r2, #250
	lsl	r2, r2, #2
	push	{r3, lr}
	mul	r0, r2
	ldr	r3, .L17
	@ sp needed
	ldr	r3, [r3, #8]
	add	r0, r0, r3
	bl	await
	pop	{r3, pc}
.L18:
	.align	2
.L17:
	.word	1073823744
	.size	delayExt, .-delayExt
	.ident	"GCC: (GNU Tools for ARM Embedded Processors) 4.8.3 20140228 (release) [ARM/embedded-4_8-branch revision 208322]"
