	.cpu cortex-m0
	.fpu softvfp
	.eabi_attribute 20, 1
	.eabi_attribute 21, 1
	.eabi_attribute 23, 3
	.eabi_attribute 24, 1
	.eabi_attribute 25, 1
	.eabi_attribute 26, 1
	.eabi_attribute 30, 4
	.eabi_attribute 34, 0
	.eabi_attribute 18, 4
	.code	16
	.file	"main.c"
	.section	.text.beep,"ax",%progbits
	.align	1
	.global	beep
	.code	16
	.thumb_func
	.type	beep, %function
beep:
	push	{r0, r1, r2, r4, r5, lr}
	ldr	r3, .L14
	mov	r2, #128
	lsl	r2, r2, #8
	ldr	r4, [r3, r2]
	mov	r5, #32
	orr	r4, r5
	str	r4, [r3, r2]
.L2:
	cmp	r0, #0
	ble	.L11
	ldr	r2, .L14+4
	mov	r5, #32
	ldr	r4, [r3, r2]
	orr	r4, r5
	str	r4, [r3, r2]
	mov	r4, #0
.L8:
	str	r4, [sp, #4]
	ldr	r4, [sp, #4]
	cmp	r4, r1
	bge	.L12
	ldr	r4, [sp, #4]
	add	r4, r4, #1
	b	.L8
.L12:
	ldr	r4, [r3, r2]
	mov	r5, #32
	bic	r4, r5
	str	r4, [r3, r2]
	mov	r2, #0
.L9:
	str	r2, [sp, #4]
	ldr	r2, [sp, #4]
	cmp	r2, r1
	bge	.L13
	ldr	r2, [sp, #4]
	add	r2, r2, #1
	b	.L9
.L13:
	sub	r0, r0, #1
	b	.L2
.L11:
	@ sp needed
	pop	{r0, r1, r2, r4, r5, pc}
.L15:
	.align	2
.L14:
	.word	1342242816
	.word	16380
	.size	beep, .-beep
	.section	.text.sound,"ax",%progbits
	.align	1
	.global	sound
	.code	16
	.thumb_func
	.type	sound, %function
sound:
	push	{r4, lr}
	mov	r4, #100
	cmp	r0, #0
	beq	.L21
.L19:
	mov	r0, #250
	lsl	r0, r0, #1
	mov	r1, r0
	bl	beep
	mov	r0, #200
	mov	r1, #200
	lsl	r0, r0, #1
	lsl	r1, r1, #2
	sub	r4, r4, #1
	bl	beep
	cmp	r4, #0
	bne	.L19
	b	.L16
.L21:
	mov	r0, #100
	mov	r1, r0
	bl	beep
	sub	r4, r4, #1
	mov	r0, #100
	mov	r1, #150
	bl	beep
	cmp	r4, #0
	bne	.L21
.L16:
	@ sp needed
	pop	{r4, pc}
	.size	sound, .-sound
	.section	.text.switch_get,"ax",%progbits
	.align	1
	.global	switch_get
	.code	16
	.thumb_func
	.type	switch_get, %function
switch_get:
	ldr	r3, .L26
	mov	r2, #160
	lsl	r2, r2, #23
	ldr	r3, [r2, r3]
	mov	r0, #1
	lsr	r3, r3, #7
	bic	r0, r3
	@ sp needed
	bx	lr
.L27:
	.align	2
.L26:
	.word	16380
	.size	switch_get, .-switch_get
	.section	.text.startup.main,"ax",%progbits
	.align	1
	.global	main
	.code	16
	.thumb_func
	.type	main, %function
main:
	push	{r3, lr}
.L29:
	mov	r0, #1
	bl	sound
	b	.L29
	.size	main, .-main
	.ident	"GCC: (GNU Tools for ARM Embedded Processors) 4.8.3 20140228 (release) [ARM/embedded-4_8-branch revision 208322]"
